#
# There is insufficient memory for the Java Runtime Environment to continue.
# Native memory allocation (mmap) failed to map 134217728 bytes for Failed to commit area from 0x0000000080e00000 to 0x0000000088e00000 of length 134217728.
# Possible reasons:
#   The system is out of physical RAM or swap space
#   The process is running with CompressedOops enabled, and the Java Heap may be blocking the growth of the native heap
# Possible solutions:
#   Reduce memory load on the system
#   Increase physical memory or swap space
#   Check if swap backing store is full
#   Decrease Java heap size (-Xmx/-Xms)
#   Decrease number of Java threads
#   Decrease Java thread stack sizes (-Xss)
#   Set larger code cache with -XX:ReservedCodeCacheSize=
# This output file may be truncated or incomplete.
#
#  Out of Memory Error (t:/workspace/hotspot/src/os/windows/vm/os_windows.cpp:3357), pid=6408, tid=12496
#
# JRE version:  (9.0+11) (build )
# Java VM: Java HotSpot(TM) 64-Bit Server VM (9.0.4+11, mixed mode, tiered, compressed oops, g1 gc, windows-amd64)
# No core dump will be written. Minidumps are not enabled by default on client versions of Windows
#

---------------  S U M M A R Y ------------

Command Line: 

Host: Intel(R) Core(TM) i5-6500 CPU @ 3.20GHz, 4 cores, 7G,  Windows 10 , 64 bit Build 17134 (10.0.17134.1)
Time: Tue Sep 11 20:43:25 2018 Central Daylight Time elapsed time: 0 seconds (0d 0h 0m 0s)

---------------  T H R E A D  ---------------

Current thread (0x000002a65f121000):  JavaThread "Unknown thread" [_thread_in_vm, id=12496, stack(0x000000f35b300000,0x000000f35b400000)]

Stack: [0x000000f35b300000,0x000000f35b400000]
Native frames: (J=compiled Java code, j=interpreted, Vv=VM code, C=native code)
V  [jvm.dll+0x587068]
V  [jvm.dll+0x69c25e]
V  [jvm.dll+0x69d17a]
V  [jvm.dll+0x69d7b3]
V  [jvm.dll+0x21d198]
V  [jvm.dll+0x584bb4]
V  [jvm.dll+0x57a095]
V  [jvm.dll+0x2cd67b]
V  [jvm.dll+0x2cd5e3]
V  [jvm.dll+0x2cd4b2]
V  [jvm.dll+0x2cf4b3]
V  [jvm.dll+0x3191e3]
V  [jvm.dll+0x3198f6]
V  [jvm.dll+0x3192e3]
V  [jvm.dll+0x2adeb8]
V  [jvm.dll+0x2af0e7]
V  [jvm.dll+0x67b34d]
V  [jvm.dll+0x67c70c]
V  [jvm.dll+0x3269c9]
V  [jvm.dll+0x66555e]
V  [jvm.dll+0x391811]
V  [jvm.dll+0x3937c1]
C  [java.exe+0x34f1]
C  [java.exe+0xe24f]
C  [java.exe+0xe3f6]
C  [KERNEL32.DLL+0x13034]
C  [ntdll.dll+0x71461]


---------------  P R O C E S S  ---------------

Java Threads: ( => current thread )

Other Threads:
  0x000002a65f137800 GCTaskThread "GC Thread#0" [stack: 0x000000f35b400000,0x000000f35b500000] [id=3436]
  0x000002a65f139000 GCTaskThread "GC Thread#1" [stack: 0x000000f35b500000,0x000000f35b600000] [id=10992]
  0x000002a65f13c000 GCTaskThread "GC Thread#2" [stack: 0x000000f35b600000,0x000000f35b700000] [id=9128]
  0x000002a65f13e000 GCTaskThread "GC Thread#3" [stack: 0x000000f35b700000,0x000000f35b800000] [id=9436]
  0x000002a65f1bf000 ConcurrentGCThread "G1 Main Marker" [stack: 0x000000f35bd00000,0x000000f35be00000] [id=5544]
  0x000002a65f1c0800 ConcurrentGCThread "G1 Marker#0" [stack: 0x000000f35be00000,0x000000f35bf00000] [id=5568]
  0x000002a65f156800 ConcurrentGCThread "G1 Refine#0" [stack: 0x000000f35bb00000,0x000000f35bc00000] [id=11896]
  0x000002a65f155800 ConcurrentGCThread "G1 Refine#1" [stack: 0x000000f35ba00000,0x000000f35bb00000] [id=2876]
  0x000002a65f152800 ConcurrentGCThread "G1 Refine#2" [stack: 0x000000f35b900000,0x000000f35ba00000] [id=2332]
  0x000002a65f14d800 ConcurrentGCThread "G1 Refine#3" [stack: 0x000000f35b800000,0x000000f35b900000] [id=408]
  0x000002a65f158000 ConcurrentGCThread "G1 Young RemSet Sampling" [stack: 0x000000f35bc00000,0x000000f35bd00000] [id=9780]

=>0x000002a65f121000 (exited) JavaThread "Unknown thread" [_thread_in_vm, id=12496, stack(0x000000f35b300000,0x000000f35b400000)]

Threads with active compile tasks:

VM state:not at safepoint (not fully initialized)

VM Mutex/Monitor currently owned by a thread:  ([mutex/lock_event])
[0x000002a65f11fc50] Heap_lock - owner thread: 0x000002a65f121000

Heap address: 0x0000000080e00000, size: 2034 MB, Compressed Oops mode: Non-zero based: 0x0000000080e00000
Narrow klass base: 0x0000000000000000, Narrow klass shift: 0

GC Heap History (0 events):
No events

Deoptimization events (0 events):
No events

Classes redefined (0 events):
No events

Internal exceptions (0 events):
No events

Events (0 events):
No events


Dynamic libraries:
0x00007ff6e2c90000 - 0x00007ff6e2cce000 	C:\ProgramData\Oracle\Java\javapath\java.exe
0x00007ffa671d0000 - 0x00007ffa673b1000 	C:\WINDOWS\SYSTEM32\ntdll.dll
0x00007ffa66d80000 - 0x00007ffa66e32000 	C:\WINDOWS\System32\KERNEL32.DLL
0x00007ffa635f0000 - 0x00007ffa63863000 	C:\WINDOWS\System32\KERNELBASE.dll
0x00007ffa66cd0000 - 0x00007ffa66d71000 	C:\WINDOWS\System32\ADVAPI32.dll
0x00007ffa65650000 - 0x00007ffa656ee000 	C:\WINDOWS\System32\msvcrt.dll
0x00007ffa652f0000 - 0x00007ffa6534b000 	C:\WINDOWS\System32\sechost.dll
0x00007ffa64f20000 - 0x00007ffa65044000 	C:\WINDOWS\System32\RPCRT4.dll
0x00007ffa65160000 - 0x00007ffa652f0000 	C:\WINDOWS\System32\USER32.dll
0x00007ffa63f80000 - 0x00007ffa63fa0000 	C:\WINDOWS\System32\win32u.dll
0x00007ffa64a80000 - 0x00007ffa64aa8000 	C:\WINDOWS\System32\GDI32.dll
0x00007ffa64180000 - 0x00007ffa64312000 	C:\WINDOWS\System32\gdi32full.dll
0x00007ffa645c0000 - 0x00007ffa6465f000 	C:\WINDOWS\System32\msvcp_win.dll
0x00007ffa64000000 - 0x00007ffa640fa000 	C:\WINDOWS\System32\ucrtbase.dll
0x00007ffa59170000 - 0x00007ffa593d9000 	C:\WINDOWS\WinSxS\amd64_microsoft.windows.common-controls_6595b64144ccf1df_6.0.17134.254_none_fb41980530664d2b\COMCTL32.dll
0x00007ffa64660000 - 0x00007ffa64983000 	C:\WINDOWS\System32\combase.dll
0x00007ffa619e0000 - 0x00007ffa619ea000 	C:\WINDOWS\SYSTEM32\VERSION.dll
0x00007ffa64100000 - 0x00007ffa6417a000 	C:\WINDOWS\System32\bcryptPrimitives.dll
0x00007ffa650b0000 - 0x00007ffa650dd000 	C:\WINDOWS\System32\IMM32.DLL
0x00007ffa3d9e0000 - 0x00007ffa3dacf000 	C:\Program Files\Java\jre-9.0.4\bin\msvcr120.dll
0x00007ffa51a00000 - 0x00007ffa51aa6000 	C:\Program Files\Java\jre-9.0.4\bin\msvcp120.dll
0x000000006f8b0000 - 0x00000000702d5000 	C:\Program Files\Java\jre-9.0.4\bin\server\jvm.dll
0x00007ffa65700000 - 0x00007ffa65708000 	C:\WINDOWS\System32\PSAPI.DLL
0x00007ffa405e0000 - 0x00007ffa405e9000 	C:\WINDOWS\SYSTEM32\WSOCK32.dll
0x00007ffa61660000 - 0x00007ffa61683000 	C:\WINDOWS\SYSTEM32\WINMM.dll
0x00007ffa655e0000 - 0x00007ffa6564c000 	C:\WINDOWS\System32\WS2_32.dll
0x00007ffa615a0000 - 0x00007ffa615ca000 	C:\WINDOWS\SYSTEM32\WINMMBASE.dll
0x00007ffa635a0000 - 0x00007ffa635e9000 	C:\WINDOWS\System32\cfgmgr32.dll
0x00007ffa5b5f0000 - 0x00007ffa5b5ff000 	C:\Program Files\Java\jre-9.0.4\bin\verify.dll
0x00007ffa5a9f0000 - 0x00007ffa5aa17000 	C:\Program Files\Java\jre-9.0.4\bin\java.dll
0x00007ffa5b490000 - 0x00007ffa5b4a6000 	C:\Program Files\Java\jre-9.0.4\bin\zip.dll
0x00007ffa5b460000 - 0x00007ffa5b46a000 	C:\Program Files\Java\jre-9.0.4\bin\jimage.dll
0x00007ffa53990000 - 0x00007ffa53b59000 	C:\WINDOWS\SYSTEM32\dbghelp.dll

VM Arguments:
java_command: <unknown>
java_class_path (initial): <not set>
Launcher Type: SUN_STANDARD

Logging:
Log output configuration:
#0: stdout all=warning uptime,level,tags
#1: stderr all=off uptime,level,tags

Environment Variables:
PATH=C:\ProgramData\Oracle\Java\javapath;C:\ProgramData\Anaconda3;C:\ProgramData\Anaconda3\Library\mingw-w64\bin;C:\ProgramData\Anaconda3\Library\usr\bin;C:\ProgramData\Anaconda3\Library\bin;C:\ProgramData\Anaconda3\Scripts;C:\WINDOWS\system32;C:\WINDOWS;C:\WINDOWS\System32\Wbem;C:\WINDOWS\System32\WindowsPowerShell\v1.0\;C:\Program Files\Git\cmd;C:\WINDOWS\System32\OpenSSH\;C:\Program Files (x86)\AMD\ATI.ACE\Core-Static;C:\sqlite;C:\Program Files (x86)\Microsoft SQL Server\Client SDK\ODBC\130\Tools\Binn\;C:\Program Files (x86)\Microsoft SQL Server\140\Tools\Binn\;C:\Program Files (x86)\Microsoft SQL Server\140\DTS\Binn\;C:\Program Files (x86)\Microsoft SQL Server\140\Tools\Binn\ManagementStudio\;C:\Program Files\Microsoft VS Code\bin;C:\src\flutter\bin;C:\src\flutter\bin\mingit\cmd
USERNAME=charles
OS=Windows_NT
PROCESSOR_IDENTIFIER=Intel64 Family 6 Model 94 Stepping 3, GenuineIntel



---------------  S Y S T E M  ---------------

OS: Windows 10 , 64 bit Build 17134 (10.0.17134.1)

CPU:total 4 (initial active 4) (4 cores per cpu, 1 threads per core) family 6 model 94 stepping 3, cmov, cx8, fxsr, mmx, sse, sse2, sse3, ssse3, sse4.1, sse4.2, popcnt, avx, avx2, aes, clmul, erms, rtm, 3dnowpref, lzcnt, tsc, tscinvbit, bmi1, bmi2, adx, fma

Memory: 4k page, physical 8328340k(778988k free), swap 10286228k(103956k free)

vm_info: Java HotSpot(TM) 64-Bit Server VM (9.0.4+11) for windows-amd64 JRE (9.0.4+11), built on Dec 20 2017 02:18:54 by "mach5one" with MS VC++ 12.0 (VS2013)

END.
