#
# There is insufficient memory for the Java Runtime Environment to continue.
# Native memory allocation (malloc) failed to allocate 1048576 bytes for AllocateHeap
# Possible reasons:
#   The system is out of physical RAM or swap space
#   In 32 bit mode, the process size limit was hit
# Possible solutions:
#   Reduce memory load on the system
#   Increase physical memory or swap space
#   Check if swap backing store is full
#   Use 64 bit Java on a 64 bit OS
#   Decrease Java heap size (-Xmx/-Xms)
#   Decrease number of Java threads
#   Decrease Java thread stack sizes (-Xss)
#   Set larger code cache with -XX:ReservedCodeCacheSize=
# This output file may be truncated or incomplete.
#
#  Out of Memory Error (memory/allocation.inline.hpp:61), pid=9312, tid=0x0000000000002870
#
# JRE version:  (8.0_152-b02) (build )
# Java VM: OpenJDK 64-Bit Server VM (25.152-b02 mixed mode windows-amd64 compressed oops)
# Failed to write core dump. Minidumps are not enabled by default on client versions of Windows
#

---------------  T H R E A D  ---------------

Current thread (0x00000000018de000):  JavaThread "Unknown thread" [_thread_in_vm, id=10352, stack(0x0000000003180000,0x0000000003280000)]

Stack: [0x0000000003180000,0x0000000003280000]
[error occurred during error reporting (printing stack bounds), id 0xc0000005]

Native frames: (J=compiled Java code, j=interpreted, Vv=VM code, C=native code)


---------------  P R O C E S S  ---------------

Java Threads: ( => current thread )

Other Threads:

=>0x00000000018de000 (exited) JavaThread "Unknown thread" [_thread_in_vm, id=10352, stack(0x0000000003180000,0x0000000003280000)]

VM state:not at safepoint (normal execution)

VM Mutex/Monitor currently owned by a thread: None

Heap:
 PSYoungGen      total 38400K, used 665K [0x00000000d5a00000, 0x00000000d8480000, 0x0000000100000000)
  eden space 33280K, 2% used [0x00000000d5a00000,0x00000000d5aa6670,0x00000000d7a80000)
  from space 5120K, 0% used [0x00000000d7f80000,0x00000000d7f80000,0x00000000d8480000)
  to   space 5120K, 0% used [0x00000000d7a80000,0x00000000d7a80000,0x00000000d7f80000)
 ParOldGen       total 87552K, used 0K [0x0000000080e00000, 0x0000000086380000, 0x00000000d5a00000)
  object space 87552K, 0% used [0x0000000080e00000,0x0000000080e00000,0x0000000086380000)
 Metaspace       used 783K, capacity 1156K, committed 1408K, reserved 1060864K
  class space    used 73K, capacity 384K, committed 384K, reserved 1048576K

Card table byte_map: [0x00000000127f0000,0x0000000012bf0000] byte_map_base: 0x00000000123e9000

Marking Bits: (ParMarkBitMap*) 0x00000000729b4970
 Begin Bits: [0x00000000132a0000, 0x0000000015268000)
 End Bits:   [0x0000000015268000, 0x0000000017230000)

Polling page: 0x00000000013a0000

CodeCache: size=245760Kb used=328Kb max_used=328Kb free=245431Kb
 bounds [0x0000000003430000, 0x00000000036a0000, 0x0000000012430000]
 total_blobs=57 nmethods=0 adapters=38
 compilation: enabled

Compilation events (0 events):
No events

GC Heap History (0 events):
No events

Deoptimization events (0 events):
No events

Classes redefined (0 events):
No events

Internal exceptions (0 events):
No events

Events (10 events):
Event: 0.089 loading class java/lang/Short
Event: 0.089 loading class java/lang/Short done
Event: 0.089 loading class java/lang/Integer
Event: 0.089 loading class java/lang/Integer done
Event: 0.089 loading class java/lang/Long
Event: 0.089 loading class java/lang/Long done
Event: 0.090 loading class java/lang/NullPointerException
Event: 0.090 loading class java/lang/NullPointerException done
Event: 0.090 loading class java/lang/ArithmeticException
Event: 0.090 loading class java/lang/ArithmeticException done


Dynamic libraries:
0x00007ff7a0bb0000 - 0x00007ff7a0be1000 	C:\Program Files\Android\Android Studio\jre\bin\java.EXE
0x00007ffa671d0000 - 0x00007ffa673b1000 	C:\WINDOWS\SYSTEM32\ntdll.dll
0x00007ffa66d80000 - 0x00007ffa66e32000 	C:\WINDOWS\System32\KERNEL32.DLL
0x00007ffa635f0000 - 0x00007ffa63863000 	C:\WINDOWS\System32\KERNELBASE.dll
0x00007ffa66cd0000 - 0x00007ffa66d71000 	C:\WINDOWS\System32\ADVAPI32.dll
0x00007ffa65650000 - 0x00007ffa656ee000 	C:\WINDOWS\System32\msvcrt.dll
0x00007ffa652f0000 - 0x00007ffa6534b000 	C:\WINDOWS\System32\sechost.dll
0x00007ffa64f20000 - 0x00007ffa65044000 	C:\WINDOWS\System32\RPCRT4.dll
0x00007ffa65160000 - 0x00007ffa652f0000 	C:\WINDOWS\System32\USER32.dll
0x00007ffa63f80000 - 0x00007ffa63fa0000 	C:\WINDOWS\System32\win32u.dll
0x00007ffa64a80000 - 0x00007ffa64aa8000 	C:\WINDOWS\System32\GDI32.dll
0x00007ffa64180000 - 0x00007ffa64312000 	C:\WINDOWS\System32\gdi32full.dll
0x00007ffa645c0000 - 0x00007ffa6465f000 	C:\WINDOWS\System32\msvcp_win.dll
0x00007ffa64000000 - 0x00007ffa640fa000 	C:\WINDOWS\System32\ucrtbase.dll
0x00007ffa59170000 - 0x00007ffa593d9000 	C:\WINDOWS\WinSxS\amd64_microsoft.windows.common-controls_6595b64144ccf1df_6.0.17134.254_none_fb41980530664d2b\COMCTL32.dll
0x00007ffa64660000 - 0x00007ffa64983000 	C:\WINDOWS\System32\combase.dll
0x00007ffa64100000 - 0x00007ffa6417a000 	C:\WINDOWS\System32\bcryptPrimitives.dll
0x00007ffa650b0000 - 0x00007ffa650dd000 	C:\WINDOWS\System32\IMM32.DLL
0x0000000070230000 - 0x0000000070302000 	C:\Program Files\Android\Android Studio\jre\jre\bin\msvcr100.dll
0x00000000721f0000 - 0x0000000072a2f000 	C:\Program Files\Android\Android Studio\jre\jre\bin\server\jvm.dll
0x00007ffa65700000 - 0x00007ffa65708000 	C:\WINDOWS\System32\PSAPI.DLL
0x00007ffa405e0000 - 0x00007ffa405e9000 	C:\WINDOWS\SYSTEM32\WSOCK32.dll
0x00007ffa619e0000 - 0x00007ffa619ea000 	C:\WINDOWS\SYSTEM32\VERSION.dll
0x00007ffa61660000 - 0x00007ffa61683000 	C:\WINDOWS\SYSTEM32\WINMM.dll
0x00007ffa655e0000 - 0x00007ffa6564c000 	C:\WINDOWS\System32\WS2_32.dll
0x00007ffa615a0000 - 0x00007ffa615ca000 	C:\WINDOWS\SYSTEM32\WINMMBASE.dll
0x00007ffa635a0000 - 0x00007ffa635e9000 	C:\WINDOWS\System32\cfgmgr32.dll
0x00007ffa5c890000 - 0x00007ffa5c89f000 	C:\Program Files\Android\Android Studio\jre\jre\bin\verify.dll
0x00007ffa5abc0000 - 0x00007ffa5abe9000 	C:\Program Files\Android\Android Studio\jre\jre\bin\java.dll
0x00007ffa5aba0000 - 0x00007ffa5abb6000 	C:\Program Files\Android\Android Studio\jre\jre\bin\zip.dll

VM Arguments:
java_command: <unknown>
java_class_path (initial): .
Launcher Type: SUN_STANDARD

Environment Variables:
PATH=C:\ProgramData\Oracle\Java\javapath;C:\ProgramData\Anaconda3;C:\ProgramData\Anaconda3\Library\mingw-w64\bin;C:\ProgramData\Anaconda3\Library\usr\bin;C:\ProgramData\Anaconda3\Library\bin;C:\ProgramData\Anaconda3\Scripts;C:\WINDOWS\system32;C:\WINDOWS;C:\WINDOWS\System32\Wbem;C:\WINDOWS\System32\WindowsPowerShell\v1.0\;C:\Program Files\Git\cmd;C:\WINDOWS\System32\OpenSSH\;C:\Program Files (x86)\AMD\ATI.ACE\Core-Static;C:\sqlite;C:\Program Files (x86)\Microsoft SQL Server\Client SDK\ODBC\130\Tools\Binn\;C:\Program Files (x86)\Microsoft SQL Server\140\Tools\Binn\;C:\Program Files (x86)\Microsoft SQL Server\140\DTS\Binn\;C:\Program Files (x86)\Microsoft SQL Server\140\Tools\Binn\ManagementStudio\;C:\Program Files\Microsoft VS Code\bin;C:\src\flutter\bin;C:\src\flutter\bin\mingit\cmd
USERNAME=charles
OS=Windows_NT
PROCESSOR_IDENTIFIER=Intel64 Family 6 Model 94 Stepping 3, GenuineIntel



---------------  S Y S T E M  ---------------

OS: Windows 10.0 , 64 bit Build 17134 (10.0.17134.1)

CPU:total 4 (initial active 4) (4 cores per cpu, 1 threads per core) family 6 model 94 stepping 3, cmov, cx8, fxsr, mmx, sse, sse2, sse3, ssse3, sse4.1, sse4.2, popcnt, avx, avx2, aes, clmul, erms, rtm, 3dnowpref, lzcnt, tsc, tscinvbit, bmi1, bmi2, adx

Memory: 4k page, physical 8328340k(1038888k free), swap 10294420k(3916k free)

vm_info: OpenJDK 64-Bit Server VM (25.152-b02) for windows-amd64 JRE (1.8.0_152-release-1024-b02), built by "builder" with MS VC++ 10.0 (VS2010)

time: Tue Sep 11 21:01:33 2018
elapsed time: 0 seconds (0d 0h 0m 0s)

