#
# There is insufficient memory for the Java Runtime Environment to continue.
# Native memory allocation (malloc) failed to allocate 80336 bytes for Chunk::new
# Possible reasons:
#   The system is out of physical RAM or swap space
#   In 32 bit mode, the process size limit was hit
# Possible solutions:
#   Reduce memory load on the system
#   Increase physical memory or swap space
#   Check if swap backing store is full
#   Use 64 bit Java on a 64 bit OS
#   Decrease Java heap size (-Xmx/-Xms)
#   Decrease number of Java threads
#   Decrease Java thread stack sizes (-Xss)
#   Set larger code cache with -XX:ReservedCodeCacheSize=
# This output file may be truncated or incomplete.
#
#  Out of Memory Error (allocation.cpp:390), pid=10392, tid=0x0000000000002598
#
# JRE version: OpenJDK Runtime Environment (8.0_152-b02) (build 1.8.0_152-release-1024-b02)
# Java VM: OpenJDK 64-Bit Server VM (25.152-b02 mixed mode windows-amd64 compressed oops)
# Failed to write core dump. Minidumps are not enabled by default on client versions of Windows
#

---------------  T H R E A D  ---------------

Current thread (0x0000000015fa2800):  JavaThread "C2 CompilerThread1" daemon [_thread_in_native, id=9624, stack(0x00000000176f0000,0x00000000177f0000)]

Stack: [0x00000000176f0000,0x00000000177f0000]
[error occurred during error reporting (printing stack bounds), id 0xc0000005]

Native frames: (J=compiled Java code, j=interpreted, Vv=VM code, C=native code)


Current CompileTask:
C2:   8007 3319   !   4       java.lang.reflect.Executable::sharedToString (102 bytes)


---------------  P R O C E S S  ---------------

Java Threads: ( => current thread )
  0x000000001c6fa800 JavaThread "Memory manager" [_thread_blocked, id=9924, stack(0x0000000020510000,0x0000000020610000)]
  0x000000001c701800 JavaThread "pool-1-thread-1" [_thread_blocked, id=11464, stack(0x0000000020210000,0x0000000020310000)]
  0x000000001c6ff000 JavaThread "build operations Thread 4" [_thread_blocked, id=5160, stack(0x000000001fcb0000,0x000000001fdb0000)]
  0x000000001c700000 JavaThread "build operations Thread 3" [_thread_blocked, id=11924, stack(0x000000001fbb0000,0x000000001fcb0000)]
  0x000000001c6fe800 JavaThread "build operations Thread 2" [_thread_blocked, id=3252, stack(0x000000001fab0000,0x000000001fbb0000)]
  0x000000001c6fd800 JavaThread "build operations" [_thread_blocked, id=11788, stack(0x000000001f8b0000,0x000000001f9b0000)]
  0x000000001c6fc000 JavaThread "Cache worker for Artifact transforms cache (C:\Users\charles\.gradle\caches\transforms-1)" [_thread_blocked, id=4948, stack(0x000000001cde0000,0x000000001cee0000)]
  0x000000001ae16800 JavaThread "Cache worker for file hash cache (C:\Users\charles\AndroidStudioProjects\startup_namer\startup_namer\android\.gradle\4.4\fileHashes)" [_thread_blocked, id=8964, stack(0x000000001bb10000,0x000000001bc10000)]
  0x000000001936d000 JavaThread "File lock request listener" [_thread_in_native, id=4600, stack(0x000000001aa40000,0x000000001ab40000)]
  0x00000000190da800 JavaThread "Cache worker for file hash cache (C:\Users\charles\.gradle\caches\4.4\fileHashes)" [_thread_blocked, id=11552, stack(0x000000001a740000,0x000000001a840000)]
  0x0000000018f33800 JavaThread "Stdin handler" [_thread_blocked, id=9524, stack(0x000000001a640000,0x000000001a740000)]
  0x0000000017bc4800 JavaThread "Asynchronous log dispatcher for DefaultDaemonConnection: socket connection from /127.0.0.1:55030 to /127.0.0.1:55031" [_thread_blocked, id=2512, stack(0x000000001a540000,0x000000001a640000)]
  0x0000000017bc3000 JavaThread "Daemon worker" [_thread_in_vm, id=9424, stack(0x000000001a440000,0x000000001a540000)]
  0x0000000017bc0000 JavaThread "Cancel handler" [_thread_blocked, id=9992, stack(0x000000001a340000,0x000000001a440000)]
  0x0000000018d40800 JavaThread "Handler for socket connection from /127.0.0.1:55030 to /127.0.0.1:55031" [_thread_in_native, id=2064, stack(0x000000001a040000,0x000000001a140000)]
  0x0000000018d3f800 JavaThread "Daemon" [_thread_blocked, id=6700, stack(0x0000000019f40000,0x000000001a040000)]
  0x0000000018e9b800 JavaThread "Daemon periodic checks" [_thread_blocked, id=1748, stack(0x0000000019e40000,0x0000000019f40000)]
  0x0000000018d25000 JavaThread "Incoming local TCP Connector on port 55030" [_thread_in_native, id=12024, stack(0x0000000019c00000,0x0000000019d00000)]
  0x0000000015ffe000 JavaThread "Service Thread" daemon [_thread_blocked, id=7356, stack(0x0000000017cf0000,0x0000000017df0000)]
  0x0000000015fa6000 JavaThread "C1 CompilerThread2" daemon [_thread_blocked, id=7600, stack(0x00000000177f0000,0x00000000178f0000)]
=>0x0000000015fa2800 JavaThread "C2 CompilerThread1" daemon [_thread_in_native, id=9624, stack(0x00000000176f0000,0x00000000177f0000)]
  0x0000000015f9f000 JavaThread "C2 CompilerThread0" daemon [_thread_in_native, id=11932, stack(0x00000000175f0000,0x00000000176f0000)]
  0x0000000015f9d800 JavaThread "Attach Listener" daemon [_thread_blocked, id=10536, stack(0x00000000174f0000,0x00000000175f0000)]
  0x0000000015f9c800 JavaThread "Signal Dispatcher" daemon [_thread_blocked, id=11248, stack(0x00000000173f0000,0x00000000174f0000)]
  0x0000000015f88800 JavaThread "Finalizer" daemon [_thread_blocked, id=5960, stack(0x0000000017200000,0x0000000017300000)]
  0x0000000002623800 JavaThread "Reference Handler" daemon [_thread_blocked, id=9564, stack(0x0000000017100000,0x0000000017200000)]
  0x00000000024ee800 JavaThread "main" [_thread_blocked, id=1000, stack(0x0000000002380000,0x0000000002480000)]

Other Threads:
  0x0000000015f66000 VMThread [stack: 0x0000000017000000,0x0000000017100000] [id=8412]
  0x000000001791a800 WatcherThread [stack: 0x0000000017df0000,0x0000000017ef0000] [id=9848]

VM state:not at safepoint (normal execution)

VM Mutex/Monitor currently owned by a thread: None

Heap:
 PSYoungGen      total 62464K, used 36384K [0x00000000e0000000, 0x00000000e4800000, 0x0000000100000000)
  eden space 52224K, 69% used [0x00000000e0000000,0x00000000e23880e8,0x00000000e3300000)
  from space 10240K, 0% used [0x00000000e3d80000,0x00000000e3d80000,0x00000000e4780000)
  to   space 10752K, 0% used [0x00000000e3300000,0x00000000e3300000,0x00000000e3d80000)
 ParOldGen       total 96256K, used 16017K [0x00000000a0000000, 0x00000000a5e00000, 0x00000000e0000000)
  object space 96256K, 16% used [0x00000000a0000000,0x00000000a0fa45c0,0x00000000a5e00000)
 Metaspace       used 35958K, capacity 36684K, committed 36952K, reserved 1085440K
  class space    used 4940K, capacity 5193K, committed 5248K, reserved 1048576K

Card table byte_map: [0x00000000119f0000,0x0000000011d00000] byte_map_base: 0x00000000114f0000

Marking Bits: (ParMarkBitMap*) 0x000000005f174970
 Begin Bits: [0x0000000012300000, 0x0000000013b00000)
 End Bits:   [0x0000000013b00000, 0x0000000015300000)

Polling page: 0x00000000003f0000

CodeCache: size=245760Kb used=10576Kb max_used=10647Kb free=235183Kb
 bounds [0x0000000002630000, 0x00000000030a0000, 0x0000000011630000]
 total_blobs=3742 nmethods=3037 adapters=615
 compilation: disabled (not enough contiguous free space left)

Compilation events (10 events):
Event: 7.982 Thread 0x0000000015fa6000 3368       3       java.util.EnumMap$ValueIterator::<init> (12 bytes)
Event: 7.982 Thread 0x0000000015fa6000 nmethod 3368 0x000000000297aad0 code [0x000000000297ac40, 0x000000000297aef0]
Event: 7.982 Thread 0x0000000015fa6000 3371       3       com.google.common.collect.AbstractIterator::tryToComputeNext (36 bytes)
Event: 7.982 Thread 0x0000000015fa6000 nmethod 3371 0x0000000002a77b50 code [0x0000000002a77cc0, 0x0000000002a77fa8]
Event: 7.982 Thread 0x0000000015fa6000 3370       3       com.google.common.collect.AbstractIterator::next (34 bytes)
Event: 7.982 Thread 0x0000000015fa6000 nmethod 3370 0x000000000282df10 code [0x000000000282e0a0, 0x000000000282e3d8]
Event: 7.982 Thread 0x0000000015fa6000 3364       3       java.lang.reflect.Proxy$Key1::<init> (14 bytes)
Event: 7.983 Thread 0x0000000015fa6000 nmethod 3364 0x0000000002bcd310 code [0x0000000002bcd4a0, 0x0000000002bcd8a8]
Event: 7.983 Thread 0x0000000015fa6000 3372       3       java.util.Formatter::parse (151 bytes)
Event: 7.985 Thread 0x0000000015fa6000 


GC Heap History (10 events):
Event: 4.740 GC heap before
{Heap before GC invocations=8 (full 1):
 PSYoungGen      total 33280K, used 32274K [0x00000000e0000000, 0x00000000e4480000, 0x0000000100000000)
  eden space 28160K, 100% used [0x00000000e0000000,0x00000000e1b80000,0x00000000e1b80000)
  from space 5120K, 80% used [0x00000000e2580000,0x00000000e2984980,0x00000000e2a80000)
  to   space 10240K, 0% used [0x00000000e1b80000,0x00000000e1b80000,0x00000000e2580000)
 ParOldGen       total 61440K, used 7970K [0x00000000a0000000, 0x00000000a3c00000, 0x00000000e0000000)
  object space 61440K, 12% used [0x00000000a0000000,0x00000000a07c8bd0,0x00000000a3c00000)
 Metaspace       used 26090K, capacity 26452K, committed 26624K, reserved 1073152K
  class space    used 3591K, capacity 3738K, committed 3840K, reserved 1048576K
Event: 4.746 GC heap after
Heap after GC invocations=8 (full 1):
 PSYoungGen      total 38400K, used 4552K [0x00000000e0000000, 0x00000000e3b80000, 0x0000000100000000)
  eden space 28160K, 0% used [0x00000000e0000000,0x00000000e0000000,0x00000000e1b80000)
  from space 10240K, 44% used [0x00000000e1b80000,0x00000000e1ff2258,0x00000000e2580000)
  to   space 9728K, 0% used [0x00000000e3200000,0x00000000e3200000,0x00000000e3b80000)
 ParOldGen       total 61440K, used 7970K [0x00000000a0000000, 0x00000000a3c00000, 0x00000000e0000000)
  object space 61440K, 12% used [0x00000000a0000000,0x00000000a07c8bd0,0x00000000a3c00000)
 Metaspace       used 26090K, capacity 26452K, committed 26624K, reserved 1073152K
  class space    used 3591K, capacity 3738K, committed 3840K, reserved 1048576K
}
Event: 5.040 GC heap before
{Heap before GC invocations=9 (full 1):
 PSYoungGen      total 38400K, used 32712K [0x00000000e0000000, 0x00000000e3b80000, 0x0000000100000000)
  eden space 28160K, 100% used [0x00000000e0000000,0x00000000e1b80000,0x00000000e1b80000)
  from space 10240K, 44% used [0x00000000e1b80000,0x00000000e1ff2258,0x00000000e2580000)
  to   space 9728K, 0% used [0x00000000e3200000,0x00000000e3200000,0x00000000e3b80000)
 ParOldGen       total 61440K, used 7970K [0x00000000a0000000, 0x00000000a3c00000, 0x00000000e0000000)
  object space 61440K, 12% used [0x00000000a0000000,0x00000000a07c8bd0,0x00000000a3c00000)
 Metaspace       used 27761K, capacity 28154K, committed 28416K, reserved 1073152K
  class space    used 3881K, capacity 4028K, committed 4096K, reserved 1048576K
Event: 5.045 GC heap after
Heap after GC invocations=9 (full 1):
 PSYoungGen      total 51200K, used 5446K [0x00000000e0000000, 0x00000000e3c00000, 0x0000000100000000)
  eden space 41472K, 0% used [0x00000000e0000000,0x00000000e0000000,0x00000000e2880000)
  from space 9728K, 55% used [0x00000000e3200000,0x00000000e3751968,0x00000000e3b80000)
  to   space 9728K, 0% used [0x00000000e2880000,0x00000000e2880000,0x00000000e3200000)
 ParOldGen       total 61440K, used 7978K [0x00000000a0000000, 0x00000000a3c00000, 0x00000000e0000000)
  object space 61440K, 12% used [0x00000000a0000000,0x00000000a07cabd0,0x00000000a3c00000)
 Metaspace       used 27761K, capacity 28154K, committed 28416K, reserved 1073152K
  class space    used 3881K, capacity 4028K, committed 4096K, reserved 1048576K
}
Event: 6.980 GC heap before
{Heap before GC invocations=10 (full 1):
 PSYoungGen      total 51200K, used 46918K [0x00000000e0000000, 0x00000000e3c00000, 0x0000000100000000)
  eden space 41472K, 100% used [0x00000000e0000000,0x00000000e2880000,0x00000000e2880000)
  from space 9728K, 55% used [0x00000000e3200000,0x00000000e3751968,0x00000000e3b80000)
  to   space 9728K, 0% used [0x00000000e2880000,0x00000000e2880000,0x00000000e3200000)
 ParOldGen       total 61440K, used 7978K [0x00000000a0000000, 0x00000000a3c00000, 0x00000000e0000000)
  object space 61440K, 12% used [0x00000000a0000000,0x00000000a07cabd0,0x00000000a3c00000)
 Metaspace       used 30482K, capacity 31026K, committed 31104K, reserved 1075200K
  class space    used 4245K, capacity 4457K, committed 4480K, reserved 1048576K
Event: 6.990 GC heap after
Heap after GC invocations=10 (full 1):
 PSYoungGen      total 51200K, used 8343K [0x00000000e0000000, 0x00000000e4780000, 0x0000000100000000)
  eden space 41472K, 0% used [0x00000000e0000000,0x00000000e0000000,0x00000000e2880000)
  from space 9728K, 85% used [0x00000000e2880000,0x00000000e30a5c18,0x00000000e3200000)
  to   space 10240K, 0% used [0x00000000e3d80000,0x00000000e3d80000,0x00000000e4780000)
 ParOldGen       total 61440K, used 7986K [0x00000000a0000000, 0x00000000a3c00000, 0x00000000e0000000)
  object space 61440K, 12% used [0x00000000a0000000,0x00000000a07ccbd0,0x00000000a3c00000)
 Metaspace       used 30482K, capacity 31026K, committed 31104K, reserved 1075200K
  class space    used 4245K, capacity 4457K, committed 4480K, reserved 1048576K
}
Event: 7.622 GC heap before
{Heap before GC invocations=11 (full 1):
 PSYoungGen      total 51200K, used 29798K [0x00000000e0000000, 0x00000000e4780000, 0x0000000100000000)
  eden space 41472K, 51% used [0x00000000e0000000,0x00000000e14f3dd8,0x00000000e2880000)
  from space 9728K, 85% used [0x00000000e2880000,0x00000000e30a5c18,0x00000000e3200000)
  to   space 10240K, 0% used [0x00000000e3d80000,0x00000000e3d80000,0x00000000e4780000)
 ParOldGen       total 61440K, used 7986K [0x00000000a0000000, 0x00000000a3c00000, 0x00000000e0000000)
  object space 61440K, 12% used [0x00000000a0000000,0x00000000a07ccbd0,0x00000000a3c00000)
 Metaspace       used 34704K, capacity 35298K, committed 35416K, reserved 1079296K
  class space    used 4754K, capacity 4964K, committed 4992K, reserved 1048576K
Event: 7.630 GC heap after
Heap after GC invocations=11 (full 1):
 PSYoungGen      total 62464K, used 9356K [0x00000000e0000000, 0x00000000e4800000, 0x0000000100000000)
  eden space 52224K, 0% used [0x00000000e0000000,0x00000000e0000000,0x00000000e3300000)
  from space 10240K, 91% used [0x00000000e3d80000,0x00000000e46a3160,0x00000000e4780000)
  to   space 10752K, 0% used [0x00000000e3300000,0x00000000e3300000,0x00000000e3d80000)
 ParOldGen       total 61440K, used 7994K [0x00000000a0000000, 0x00000000a3c00000, 0x00000000e0000000)
  object space 61440K, 13% used [0x00000000a0000000,0x00000000a07cebd0,0x00000000a3c00000)
 Metaspace       used 34704K, capacity 35298K, committed 35416K, reserved 1079296K
  class space    used 4754K, capacity 4964K, committed 4992K, reserved 1048576K
}
Event: 7.630 GC heap before
{Heap before GC invocations=12 (full 2):
 PSYoungGen      total 62464K, used 9356K [0x00000000e0000000, 0x00000000e4800000, 0x0000000100000000)
  eden space 52224K, 0% used [0x00000000e0000000,0x00000000e0000000,0x00000000e3300000)
  from space 10240K, 91% used [0x00000000e3d80000,0x00000000e46a3160,0x00000000e4780000)
  to   space 10752K, 0% used [0x00000000e3300000,0x00000000e3300000,0x00000000e3d80000)
 ParOldGen       total 61440K, used 7994K [0x00000000a0000000, 0x00000000a3c00000, 0x00000000e0000000)
  object space 61440K, 13% used [0x00000000a0000000,0x00000000a07cebd0,0x00000000a3c00000)
 Metaspace       used 34704K, capacity 35298K, committed 35416K, reserved 1079296K
  class space    used 4754K, capacity 4964K, committed 4992K, reserved 1048576K
Event: 7.689 GC heap after
Heap after GC invocations=12 (full 2):
 PSYoungGen      total 62464K, used 0K [0x00000000e0000000, 0x00000000e4800000, 0x0000000100000000)
  eden space 52224K, 0% used [0x00000000e0000000,0x00000000e0000000,0x00000000e3300000)
  from space 10240K, 0% used [0x00000000e3d80000,0x00000000e3d80000,0x00000000e4780000)
  to   space 10752K, 0% used [0x00000000e3300000,0x00000000e3300000,0x00000000e3d80000)
 ParOldGen       total 96256K, used 16017K [0x00000000a0000000, 0x00000000a5e00000, 0x00000000e0000000)
  object space 96256K, 16% used [0x00000000a0000000,0x00000000a0fa45c0,0x00000000a5e00000)
 Metaspace       used 34704K, capacity 35298K, committed 35416K, reserved 1079296K
  class space    used 4754K, capacity 4964K, committed 4992K, reserved 1048576K
}

Deoptimization events (10 events):
Event: 6.903 Thread 0x0000000017bc3000 Uncommon trap: reason=class_check action=maybe_recompile pc=0x0000000002f0db9c method=java.io.BufferedInputStream.read1([BII)I @ 39
Event: 6.903 Thread 0x0000000017bc3000 Uncommon trap: reason=class_check action=maybe_recompile pc=0x0000000002f0db9c method=java.io.BufferedInputStream.read1([BII)I @ 39
Event: 6.903 Thread 0x0000000017bc3000 Uncommon trap: reason=class_check action=maybe_recompile pc=0x0000000002f0db9c method=java.io.BufferedInputStream.read1([BII)I @ 39
Event: 7.092 Thread 0x0000000017bc3000 Uncommon trap: reason=predicate action=maybe_recompile pc=0x0000000002fbfdb8 method=java.util.Arrays.binarySearch0([Ljava/lang/Object;IILjava/lang/Object;Ljava/util/Comparator;)I @ 28
Event: 7.146 Thread 0x0000000017bc3000 Uncommon trap: reason=unstable_if action=reinterpret pc=0x0000000002c0fa54 method=sun.misc.MetaIndex.mayContain(Ljava/lang/String;)Z @ 38
Event: 7.749 Thread 0x0000000017bc3000 Uncommon trap: reason=unstable_if action=reinterpret pc=0x0000000002e160f0 method=java.util.concurrent.ConcurrentHashMap.get(Ljava/lang/Object;)Ljava/lang/Object; @ 76
Event: 7.843 Thread 0x0000000017bc3000 Uncommon trap: reason=range_check action=make_not_entrant pc=0x0000000002ef7e6c method=java.lang.String.charAt(I)C @ 27
Event: 7.924 Thread 0x0000000017bc3000 Uncommon trap: reason=unstable_if action=reinterpret pc=0x0000000002eeed6c method=java.util.HashMap.putVal(ILjava/lang/Object;Ljava/lang/Object;ZZ)Ljava/lang/Object; @ 162
Event: 7.925 Thread 0x0000000017bc3000 Uncommon trap: reason=unstable_if action=reinterpret pc=0x0000000002eb5568 method=java.util.HashMap.putVal(ILjava/lang/Object;Ljava/lang/Object;ZZ)Ljava/lang/Object; @ 162
Event: 7.925 Thread 0x0000000017bc3000 Uncommon trap: reason=unstable_if action=reinterpret pc=0x0000000002a7504c method=java.util.HashMap.resize()[Ljava/util/HashMap$Node; @ 206

Classes redefined (0 events):
No events

Internal exceptions (10 events):
Event: 6.394 Thread 0x0000000017bc3000 Exception <a 'java/lang/ClassNotFoundException': groovy/lang/GStringCustomizer> (0x00000000e1f26c40) thrown at [D:\src\AOSP-openjdk-cygwin\jdk8u\hotspot\src\share\vm\classfile\systemDictionary.cpp, line 210]
Event: 6.398 Thread 0x0000000017bc3000 Exception <a 'java/lang/ClassNotFoundException': groovy/lang/GString$1Customizer> (0x00000000e1f549b8) thrown at [D:\src\AOSP-openjdk-cygwin\jdk8u\hotspot\src\share\vm\classfile\systemDictionary.cpp, line 210]
Event: 6.411 Thread 0x0000000017bc3000 Exception <a 'java/lang/ClassNotFoundException': org/codehaus/groovy/runtime/GStringImplBeanInfo> (0x00000000e1fb4b38) thrown at [D:\src\AOSP-openjdk-cygwin\jdk8u\hotspot\src\share\vm\classfile\systemDictionary.cpp, line 210]
Event: 6.413 Thread 0x0000000017bc3000 Exception <a 'java/lang/ClassNotFoundException': org/codehaus/groovy/runtime/GStringImplCustomizer> (0x00000000e1fe0200) thrown at [D:\src\AOSP-openjdk-cygwin\jdk8u\hotspot\src\share\vm\classfile\systemDictionary.cpp, line 210]
Event: 6.561 Thread 0x0000000017bc3000 Exception <a 'java/lang/ClassNotFoundException': build_ck4kaf0pkj6h2lr3pl4utl8ysBeanInfo> (0x00000000e209d6c8) thrown at [D:\src\AOSP-openjdk-cygwin\jdk8u\hotspot\src\share\vm\classfile\systemDictionary.cpp, line 210]
Event: 6.562 Thread 0x0000000017bc3000 Exception <a 'java/lang/ClassNotFoundException': build_ck4kaf0pkj6h2lr3pl4utl8ysCustomizer> (0x00000000e20aa338) thrown at [D:\src\AOSP-openjdk-cygwin\jdk8u\hotspot\src\share\vm\classfile\systemDictionary.cpp, line 210]
Event: 6.632 Thread 0x0000000017bc3000 Exception <a 'java/lang/ClassNotFoundException': org/gradle/api/internal/plugins/DefaultObjectConfigurationActionBeanInfo> (0x00000000e2195538) thrown at [D:\src\AOSP-openjdk-cygwin\jdk8u\hotspot\src\share\vm\classfile\systemDictionary.cpp, line 210]
Event: 6.633 Thread 0x0000000017bc3000 Exception <a 'java/lang/ClassNotFoundException': org/gradle/api/internal/plugins/DefaultObjectConfigurationActionCustomizer> (0x00000000e21ced88) thrown at [D:\src\AOSP-openjdk-cygwin\jdk8u\hotspot\src\share\vm\classfile\systemDictionary.cpp, line 210]
Event: 7.294 Thread 0x0000000017bc3000 Exception <a 'sun/nio/fs/WindowsException'> (0x00000000e0911630) thrown at [D:\src\AOSP-openjdk-cygwin\jdk8u\hotspot\src\share\vm\prims\jni.cpp, line 709]
Event: 7.690 Thread 0x0000000017bc3000 Exception <a 'sun/nio/fs/WindowsException'> (0x00000000e00014c0) thrown at [D:\src\AOSP-openjdk-cygwin\jdk8u\hotspot\src\share\vm\prims\jni.cpp, line 709]

Events (10 events):
Event: 7.981 Thread 0x0000000015fa6000 flushing nmethod 0x0000000002f125d0
Event: 7.981 Thread 0x0000000015fa6000 flushing nmethod 0x0000000002f13890
Event: 7.981 Thread 0x0000000015fa6000 flushing nmethod 0x0000000002f1e510
Event: 7.981 Thread 0x0000000015fa6000 flushing nmethod 0x0000000002f97e10
Event: 7.983 loading class java/lang/Throwable$PrintStreamOrWriter
Event: 7.983 loading class java/lang/Throwable$PrintStreamOrWriter done
Event: 7.985 loading class org/gradle/api/file/FileTreeElement
Event: 7.985 loading class org/gradle/api/file/FileTreeElement done
Event: 7.987 loading class org/gradle/api/file/FileVisitDetails
Event: 7.987 loading class org/gradle/api/file/FileVisitDetails done


Dynamic libraries:
0x00007ff71ead0000 - 0x00007ff71eb01000 	C:\Program Files\Android\Android Studio\jre\bin\java.exe
0x00007ffd831e0000 - 0x00007ffd833c1000 	C:\WINDOWS\SYSTEM32\ntdll.dll
0x00007ffd83040000 - 0x00007ffd830f2000 	C:\WINDOWS\System32\KERNEL32.DLL
0x00007ffd7f660000 - 0x00007ffd7f8d3000 	C:\WINDOWS\System32\KERNELBASE.dll
0x00007ffd83100000 - 0x00007ffd831a1000 	C:\WINDOWS\System32\ADVAPI32.dll
0x00007ffd82490000 - 0x00007ffd8252e000 	C:\WINDOWS\System32\msvcrt.dll
0x00007ffd80860000 - 0x00007ffd808bb000 	C:\WINDOWS\System32\sechost.dll
0x00007ffd80730000 - 0x00007ffd80854000 	C:\WINDOWS\System32\RPCRT4.dll
0x00007ffd81f60000 - 0x00007ffd820f0000 	C:\WINDOWS\System32\USER32.dll
0x00007ffd7f8e0000 - 0x00007ffd7f900000 	C:\WINDOWS\System32\win32u.dll
0x00007ffd82530000 - 0x00007ffd82558000 	C:\WINDOWS\System32\GDI32.dll
0x00007ffd7f960000 - 0x00007ffd7faf2000 	C:\WINDOWS\System32\gdi32full.dll
0x00007ffd80210000 - 0x00007ffd802af000 	C:\WINDOWS\System32\msvcp_win.dll
0x00007ffd802b0000 - 0x00007ffd803aa000 	C:\WINDOWS\System32\ucrtbase.dll
0x00007ffd724e0000 - 0x00007ffd72749000 	C:\WINDOWS\WinSxS\amd64_microsoft.windows.common-controls_6595b64144ccf1df_6.0.17134.254_none_fb41980530664d2b\COMCTL32.dll
0x00007ffd820f0000 - 0x00007ffd82413000 	C:\WINDOWS\System32\combase.dll
0x00007ffd80400000 - 0x00007ffd8047a000 	C:\WINDOWS\System32\bcryptPrimitives.dll
0x00007ffd80670000 - 0x00007ffd8069d000 	C:\WINDOWS\System32\IMM32.DLL
0x000000005c9f0000 - 0x000000005cac2000 	C:\Program Files\Android\Android Studio\jre\jre\bin\msvcr100.dll
0x000000005e9b0000 - 0x000000005f1ef000 	C:\Program Files\Android\Android Studio\jre\jre\bin\server\jvm.dll
0x00007ffd809f0000 - 0x00007ffd809f8000 	C:\WINDOWS\System32\PSAPI.DLL
0x00007ffd7b000000 - 0x00007ffd7b00a000 	C:\WINDOWS\SYSTEM32\VERSION.dll
0x00007ffd7d2c0000 - 0x00007ffd7d2e3000 	C:\WINDOWS\SYSTEM32\WINMM.dll
0x00007ffd7d470000 - 0x00007ffd7d479000 	C:\WINDOWS\SYSTEM32\WSOCK32.dll
0x00007ffd82420000 - 0x00007ffd8248c000 	C:\WINDOWS\System32\WS2_32.dll
0x00007ffd7d290000 - 0x00007ffd7d2ba000 	C:\WINDOWS\SYSTEM32\WINMMBASE.dll
0x00007ffd803b0000 - 0x00007ffd803f9000 	C:\WINDOWS\System32\cfgmgr32.dll
0x00007ffd7bcc0000 - 0x00007ffd7bccf000 	C:\Program Files\Android\Android Studio\jre\jre\bin\verify.dll
0x00007ffd78710000 - 0x00007ffd78739000 	C:\Program Files\Android\Android Studio\jre\jre\bin\java.dll
0x00007ffd76520000 - 0x00007ffd76536000 	C:\Program Files\Android\Android Studio\jre\jre\bin\zip.dll
0x00007ffd80a60000 - 0x00007ffd81ea0000 	C:\WINDOWS\System32\SHELL32.dll
0x00007ffd81eb0000 - 0x00007ffd81f59000 	C:\WINDOWS\System32\shcore.dll
0x00007ffd7fb00000 - 0x00007ffd8020d000 	C:\WINDOWS\System32\windows.storage.dll
0x00007ffd806a0000 - 0x00007ffd806f1000 	C:\WINDOWS\System32\shlwapi.dll
0x00007ffd7f560000 - 0x00007ffd7f571000 	C:\WINDOWS\System32\kernel.appcore.dll
0x00007ffd7f4f0000 - 0x00007ffd7f50f000 	C:\WINDOWS\System32\profapi.dll
0x00007ffd7f510000 - 0x00007ffd7f55c000 	C:\WINDOWS\System32\powrprof.dll
0x00007ffd7f580000 - 0x00007ffd7f58a000 	C:\WINDOWS\System32\FLTLIB.DLL
0x00007ffd763d0000 - 0x00007ffd763ea000 	C:\Program Files\Android\Android Studio\jre\jre\bin\net.dll
0x00007ffd7ed10000 - 0x00007ffd7ed76000 	C:\WINDOWS\system32\mswsock.dll
0x00007ffd75e40000 - 0x00007ffd75e51000 	C:\Program Files\Android\Android Studio\jre\jre\bin\nio.dll
0x00007ffd75e80000 - 0x00007ffd75e9e000 	C:\Users\charles\.gradle\native\25\windows-amd64\native-platform.dll
0x00007ffd7bcb0000 - 0x00007ffd7bcbd000 	C:\Program Files\Android\Android Studio\jre\jre\bin\management.dll
0x00007ffd7eec0000 - 0x00007ffd7eed7000 	C:\WINDOWS\SYSTEM32\CRYPTSP.dll
0x00007ffd7e8f0000 - 0x00007ffd7e923000 	C:\WINDOWS\system32\rsaenh.dll
0x00007ffd7f050000 - 0x00007ffd7f075000 	C:\WINDOWS\SYSTEM32\bcrypt.dll
0x00007ffd7f3f0000 - 0x00007ffd7f418000 	C:\WINDOWS\SYSTEM32\USERENV.dll
0x00007ffd7eee0000 - 0x00007ffd7eeeb000 	C:\WINDOWS\SYSTEM32\CRYPTBASE.dll
0x00007ffd7ea90000 - 0x00007ffd7eac8000 	C:\WINDOWS\SYSTEM32\IPHLPAPI.DLL
0x00007ffd80720000 - 0x00007ffd80728000 	C:\WINDOWS\System32\NSI.dll
0x00007ffd78520000 - 0x00007ffd78536000 	C:\WINDOWS\SYSTEM32\dhcpcsvc6.DLL
0x00007ffd781f0000 - 0x00007ffd7820a000 	C:\WINDOWS\SYSTEM32\dhcpcsvc.DLL

VM Arguments:
jvm_args: -Xmx1536M -Dfile.encoding=windows-1252 -Duser.country=US -Duser.language=en -Duser.variant 
java_command: org.gradle.launcher.daemon.bootstrap.GradleDaemon 4.4
java_class_path (initial): C:\Users\charles\.gradle\wrapper\dists\gradle-4.4-all\9br9xq1tocpiv8o6njlyu5op1\gradle-4.4\lib\gradle-launcher-4.4.jar
Launcher Type: SUN_STANDARD

Environment Variables:
JAVA_HOME=C:\Program Files\Android\Android Studio\jre
CLASSPATH=C:\Users\charles\AndroidStudioProjects\startup_namer\startup_namer\android\\gradle\wrapper\gradle-wrapper.jar
PATH=C:\Program Files (x86)\Common Files\Oracle\Java\javapath;C:\ProgramData\Anaconda3;C:\ProgramData\Anaconda3\Library\mingw-w64\bin;C:\ProgramData\Anaconda3\Library\usr\bin;C:\ProgramData\Anaconda3\Library\bin;C:\ProgramData\Anaconda3\Scripts;C:\WINDOWS\system32;C:\WINDOWS;C:\WINDOWS\System32\Wbem;C:\WINDOWS\System32\WindowsPowerShell\v1.0\;C:\Program Files\Git\cmd;C:\WINDOWS\System32\OpenSSH\;C:\Program Files (x86)\AMD\ATI.ACE\Core-Static;C:\sqlite;C:\Program Files (x86)\Microsoft SQL Server\Client SDK\ODBC\130\Tools\Binn\;C:\Program Files (x86)\Microsoft SQL Server\140\Tools\Binn\;C:\Program Files (x86)\Microsoft SQL Server\140\DTS\Binn\;C:\Program Files (x86)\Microsoft SQL Server\140\Tools\Binn\ManagementStudio\;C:\Program Files\Microsoft VS Code\bin;C:\src\flutter\bin;C:\src\flutter\bin\mingit\cmd
USERNAME=charles
OS=Windows_NT
PROCESSOR_IDENTIFIER=Intel64 Family 6 Model 94 Stepping 3, GenuineIntel



---------------  S Y S T E M  ---------------

OS: Windows 10.0 , 64 bit Build 17134 (10.0.17134.1)

CPU:total 4 (initial active 4) (4 cores per cpu, 1 threads per core) family 6 model 94 stepping 3, cmov, cx8, fxsr, mmx, sse, sse2, sse3, ssse3, sse4.1, sse4.2, popcnt, avx, avx2, aes, clmul, erms, rtm, 3dnowpref, lzcnt, tsc, tscinvbit, bmi1, bmi2, adx

Memory: 4k page, physical 8328340k(1930748k free), swap 10294420k(3040k free)

vm_info: OpenJDK 64-Bit Server VM (25.152-b02) for windows-amd64 JRE (1.8.0_152-release-1024-b02), built by "builder" with MS VC++ 10.0 (VS2010)

time: Wed Sep 12 12:37:54 2018
elapsed time: 8 seconds (0d 0h 0m 8s)

